\BOOKMARK [0][-]{chapter.1}{Matlab}{}% 1
\BOOKMARK [1][-]{section.1.1}{Exp 1: Discrete Legendre Poly}{chapter.1}% 2
\BOOKMARK [1][-]{section.1.2}{Exp 2: Classical vs. Modified Gram-Schmidt}{chapter.1}% 3
\BOOKMARK [1][-]{section.1.3}{Exp 3: Numerical Loss of Orthogonality}{chapter.1}% 4
\BOOKMARK [0][-]{chapter.2}{Householder Triangularization}{}% 5
\BOOKMARK [1][-]{section.2.1}{Householder and Gram-Schmidt}{chapter.2}% 6
\BOOKMARK [1][-]{section.2.2}{Triangularization by Introducing Zeros}{chapter.2}% 7
\BOOKMARK [1][-]{section.2.3}{Householder Reflectors}{chapter.2}% 8
\BOOKMARK [1][-]{section.2.4}{The Better of Two Reflectors}{chapter.2}% 9
\BOOKMARK [1][-]{section.2.5}{The Algorithm}{chapter.2}% 10
\BOOKMARK [1][-]{section.2.6}{Applying or Forming Q}{chapter.2}% 11
\BOOKMARK [1][-]{section.2.7}{Operation Count}{chapter.2}% 12
\BOOKMARK [0][-]{chapter.3}{Least Squares Problems}{}% 13
\BOOKMARK [1][-]{section.3.1}{The Problem}{chapter.3}% 14
\BOOKMARK [1][-]{section.3.2}{Orthogonal Projection and the Normal Equations}{chapter.3}% 15
\BOOKMARK [1][-]{section.3.3}{Pseudoinverse}{chapter.3}% 16
\BOOKMARK [1][-]{section.3.4}{Normal Equations}{chapter.3}% 17
\BOOKMARK [1][-]{section.3.5}{QR factorization}{chapter.3}% 18
\BOOKMARK [1][-]{section.3.6}{SVD}{chapter.3}% 19
\BOOKMARK [1][-]{section.3.7}{Comparison of Algorithms}{chapter.3}% 20
\BOOKMARK [-1][-]{part.1}{I Conditioning and Stability}{}% 21
\BOOKMARK [0][-]{chapter.4}{Conditioning and Condition Numbers}{part.1}% 22
\BOOKMARK [1][-]{section.4.1}{Condition of a Problem}{chapter.4}% 23
\BOOKMARK [1][-]{section.4.2}{Absolute Condition Number}{chapter.4}% 24
\BOOKMARK [1][-]{section.4.3}{Relative Condition Number}{chapter.4}% 25
\BOOKMARK [1][-]{section.4.4}{Condition of Matrix-Vector Multiplication}{chapter.4}% 26
\BOOKMARK [1][-]{section.4.5}{Condition Number of a Matrix}{chapter.4}% 27
\BOOKMARK [1][-]{section.4.6}{Condition of a System of Equations}{chapter.4}% 28
\BOOKMARK [0][-]{chapter.5}{Floating Point Arithmetic}{part.1}% 29
\BOOKMARK [1][-]{section.5.1}{Limitations of Digital Representations}{chapter.5}% 30
\BOOKMARK [1][-]{section.5.2}{Floating Point Numbers}{chapter.5}% 31
\BOOKMARK [1][-]{section.5.3}{Machine Epsilon}{chapter.5}% 32
\BOOKMARK [1][-]{section.5.4}{Floating Point Arithmetic}{chapter.5}% 33
\BOOKMARK [1][-]{section.5.5}{Complex Floating Point Arithmetic}{chapter.5}% 34
\BOOKMARK [0][-]{chapter.6}{Stability}{part.1}% 35
\BOOKMARK [1][-]{section.6.1}{Algorithms}{chapter.6}% 36
\BOOKMARK [1][-]{section.6.2}{Accuracy}{chapter.6}% 37
\BOOKMARK [1][-]{section.6.3}{Stability}{chapter.6}% 38
\BOOKMARK [1][-]{section.6.4}{Backward Stability}{chapter.6}% 39
\BOOKMARK [1][-]{section.6.5}{Independence of Norm}{chapter.6}% 40
\BOOKMARK [0][-]{chapter.7}{More on Stability}{part.1}% 41
\BOOKMARK [1][-]{section.7.1}{Stability of Floating Point Arithmetic}{chapter.7}% 42
\BOOKMARK [1][-]{section.7.2}{An Unstable Algorithm}{chapter.7}% 43
\BOOKMARK [1][-]{section.7.3}{Accuracy of a Backward Stable Algo}{chapter.7}% 44
\BOOKMARK [1][-]{section.7.4}{Backward Error Analysis}{chapter.7}% 45
\BOOKMARK [0][-]{chapter.8}{Stability of Householder Traingularization}{part.1}% 46
\BOOKMARK [1][-]{section.8.1}{Experiment}{chapter.8}% 47
\BOOKMARK [1][-]{section.8.2}{Theorem}{chapter.8}% 48
\BOOKMARK [1][-]{section.8.3}{Analyzing an Algorithm to Solve Ax=b}{chapter.8}% 49
\BOOKMARK [0][-]{chapter.9}{Stability of Back Substitution}{part.1}% 50
\BOOKMARK [1][-]{section.9.1}{Triangular System}{chapter.9}% 51
\BOOKMARK [1][-]{section.9.2}{Backward Stability Theorem}{chapter.9}% 52
\BOOKMARK [1][-]{section.9.3}{ m=1 }{chapter.9}% 53
\BOOKMARK [1][-]{section.9.4}{m=2}{chapter.9}% 54
\BOOKMARK [1][-]{section.9.5}{m=3}{chapter.9}% 55
\BOOKMARK [1][-]{section.9.6}{General m}{chapter.9}% 56
\BOOKMARK [0][-]{chapter.10}{Conditioning of Least Squares Problems}{part.1}% 57
\BOOKMARK [1][-]{section.10.1}{Four Conditioning Problems}{chapter.10}% 58
\BOOKMARK [1][-]{section.10.2}{Theorem}{chapter.10}% 59
\BOOKMARK [1][-]{section.10.3}{Transformation to a Diagonal Matrix}{chapter.10}% 60
\BOOKMARK [1][-]{section.10.4}{Sensitivity of y to Perturbations in b}{chapter.10}% 61
\BOOKMARK [1][-]{section.10.5}{Sensitivity of x to Perturbations in b}{chapter.10}% 62
\BOOKMARK [1][-]{section.10.6}{Tilting the range of A}{chapter.10}% 63
\BOOKMARK [1][-]{section.10.7}{Sensitivity of y to Perturbations in A}{chapter.10}% 64
\BOOKMARK [1][-]{section.10.8}{Sensitivity of x to Perturbations in A}{chapter.10}% 65
\BOOKMARK [0][-]{chapter.11}{Stability of Least Squares Algorithms}{part.1}% 66
\BOOKMARK [1][-]{section.11.1}{Example}{chapter.11}% 67
\BOOKMARK [1][-]{section.11.2}{Householder Triangularization}{chapter.11}% 68
\BOOKMARK [1][-]{section.11.3}{GS Orthogonalization}{chapter.11}% 69
\BOOKMARK [1][-]{section.11.4}{Normal Equations}{chapter.11}% 70
\BOOKMARK [1][-]{section.11.5}{SVD}{chapter.11}% 71
\BOOKMARK [1][-]{section.11.6}{Rank-Deficient LS Problems}{chapter.11}% 72
\BOOKMARK [-1][-]{part.2}{II Systems of Equations}{}% 73
\BOOKMARK [0][-]{chapter.12}{Gaussian Elimination}{part.2}% 74
\BOOKMARK [1][-]{section.12.1}{LU Factorization}{chapter.12}% 75
\BOOKMARK [1][-]{section.12.2}{Example}{chapter.12}% 76
\BOOKMARK [1][-]{section.12.3}{General Formulas and Two Strokes of Luck}{chapter.12}% 77
\BOOKMARK [1][-]{section.12.4}{Operation Count}{chapter.12}% 78
\BOOKMARK [1][-]{section.12.5}{Solution of Ax=b by LU}{chapter.12}% 79
\BOOKMARK [1][-]{section.12.6}{Instability of Gaussian Elimination without Pivoting}{chapter.12}% 80
\BOOKMARK [0][-]{chapter.13}{Pivoting}{part.2}% 81
\BOOKMARK [1][-]{section.13.1}{Pivots}{chapter.13}% 82
\BOOKMARK [1][-]{section.13.2}{Partial Pivoting}{chapter.13}% 83
\BOOKMARK [1][-]{section.13.3}{Example}{chapter.13}% 84
\BOOKMARK [1][-]{section.13.4}{ PA=LU \040Factorization and a Third Stroke of Luck}{chapter.13}% 85
\BOOKMARK [1][-]{section.13.5}{Complete Pivoting}{chapter.13}% 86
\BOOKMARK [0][-]{chapter.14}{Stability of Gaussian Elimination}{part.2}% 87
\BOOKMARK [1][-]{section.14.1}{Stability and the Size of L and U}{chapter.14}% 88
\BOOKMARK [1][-]{section.14.2}{Growth Factors}{chapter.14}% 89
\BOOKMARK [1][-]{section.14.3}{Worst-Case Instability}{chapter.14}% 90
\BOOKMARK [1][-]{section.14.4}{Stability in Practice}{chapter.14}% 91
\BOOKMARK [1][-]{section.14.5}{Explanation}{chapter.14}% 92
\BOOKMARK [0][-]{chapter.15}{Cholesky Factorization}{part.2}% 93
\BOOKMARK [1][-]{section.15.1}{Symmetric Gaussian Elimination}{chapter.15}% 94
\BOOKMARK [1][-]{section.15.2}{Cholesky Factorization}{chapter.15}% 95
\BOOKMARK [1][-]{section.15.3}{The Algorithm}{chapter.15}% 96
\BOOKMARK [1][-]{section.15.4}{Operation Count}{chapter.15}% 97
\BOOKMARK [1][-]{section.15.5}{Stability}{chapter.15}% 98
\BOOKMARK [1][-]{section.15.6}{Solution of Ax=b}{chapter.15}% 99
