\BOOKMARK [0][-]{chapter.1}{\376\377\000S\000o\000b\000o\000l\000e\000v\000\040\000S\000p\000a\000c\000e\000s}{}% 1
\BOOKMARK [1][-]{section.1.1}{\376\377\000D\000i\000s\000t\000r\000i\000b\000u\000t\000i\000o\000n\000s}{chapter.1}% 2
\BOOKMARK [1][-]{section.1.2}{\376\377\000S\000o\000b\000o\000l\000e\000v\000\040\000S\000p\000a\000c\000e\000s}{chapter.1}% 3
\BOOKMARK [1][-]{section.1.3}{\376\377\000A\000\040\000D\000i\000g\000r\000e\000s\000s\000i\000o\000n\000\040\000o\000n\000\040\000F\000u\000n\000c\000t\000i\000o\000n\000a\000l\000\040\000A\000n\000a\000l\000y\000s\000i\000s\000\040}{chapter.1}% 4
\BOOKMARK [1][-]{section.1.4}{\376\377\000A\000p\000p\000r\000o\000x\000i\000m\000a\000t\000i\000o\000n\000\040\000a\000n\000d\000\040\000E\000x\000t\000e\000n\000s\000i\000o\000n}{chapter.1}% 5
\BOOKMARK [1][-]{section.1.5}{\376\377\000T\000r\000a\000c\000e\000\040\000T\000h\000e\000o\000r\000e\000m}{chapter.1}% 6
\BOOKMARK [1][-]{section.1.6}{\376\377\000S\000o\000b\000o\000l\000e\000v\000\040\000I\000n\000e\000q\000u\000a\000l\000i\000t\000i\000e\000s}{chapter.1}% 7
\BOOKMARK [2][-]{subsection.1.6.1}{\376\377\000S\000o\000b\000o\000l\000e\000v\000\040\000i\000n\000e\000q\000u\000a\000l\000i\000t\000i\000e\000s\000\040\000w\000i\000t\000h\000\040\000p\000<\000d}{section.1.6}% 8
\BOOKMARK [2][-]{subsection.1.6.2}{\376\377\000S\000o\000b\000o\000l\000e\000v\000\040\000I\000n\000e\000q\000u\000a\000l\000i\000t\000i\000e\000s\000\040\000w\000i\000t\000h\000\040\000p\000>\000d}{section.1.6}% 9
\BOOKMARK [2][-]{subsection.1.6.3}{\376\377\000S\000o\000b\000o\000l\000e\000v\000\040\000I\000n\000e\000q\000u\000a\000l\000i\000t\000i\000e\000s\000\040\000w\000i\000t\000h\000\040\000p\000=\000d}{section.1.6}% 10
\BOOKMARK [1][-]{section.1.7}{\376\377\000C\000o\000m\000p\000a\000c\000t\000n\000e\000s\000s}{chapter.1}% 11
\BOOKMARK [1][-]{section.1.8}{\376\377\000P\000o\000i\000n\000c\000a\000r\000\351\000\040\000I\000n\000e\000q\000u\000a\000l\000i\000t\000y}{chapter.1}% 12
\BOOKMARK [0][-]{chapter.2}{\376\377\000L\000i\000n\000e\000a\000r\000\040\000E\000l\000l\000i\000p\000t\000i\000c\000\040\000P\000D\000E\000s}{}% 13
\BOOKMARK [1][-]{section.2.1}{\376\377\000L\000i\000n\000e\000a\000r\000\040\000E\000l\000l\000i\000p\000t\000i\000c\000\040\000P\000D\000E\000s}{chapter.2}% 14
\BOOKMARK [1][-]{section.2.2}{\376\377\000B\000o\000u\000n\000d\000a\000r\000y\000\040\000V\000a\000l\000u\000e\000\040\000P\000r\000o\000b\000l\000e\000m\000s}{chapter.2}% 15
\BOOKMARK [2][-]{subsection.2.2.1}{\376\377\000C\000a\000s\000e\000\040\0001\000:\000\040\000P\000\040\000a\000n\000d\000\040\000P\000*\000\040\000O\000b\000e\000y\000\040\000A\000-\000p\000r\000i\000o\000r\000i\000\040\000E\000s\000t\000i\000m\000a\000t\000e\000s}{section.2.2}% 16
\BOOKMARK [2][-]{subsection.2.2.2}{\376\377\000C\000a\000s\000e\000\040\0002\000:\000\040\000G\000e\000n\000e\000r\000a\000l\000\040\000P}{section.2.2}% 17
\BOOKMARK [1][-]{section.2.3}{\376\377\000L\0002\000-\000b\000a\000s\000e\000d\000\040\000I\000n\000t\000e\000r\000i\000o\000r\000\040\000R\000e\000g\000u\000l\000a\000r\000i\000t\000y}{chapter.2}% 18
\BOOKMARK [1][-]{section.2.4}{\376\377\000L\0002\000-\000b\000a\000s\000e\000d\000\040\000B\000o\000u\000n\000d\000a\000r\000y\000\040\000R\000e\000g\000u\000l\000a\000r\000i\000t\000y}{chapter.2}% 19
\BOOKMARK [1][-]{section.2.5}{\376\377\000S\000c\000h\000a\000u\000d\000e\000r\000\040\000T\000h\000e\000o\000r\000y}{chapter.2}% 20
\BOOKMARK [2][-]{subsection.2.5.1}{\376\377\000L\000i\000t\000t\000l\000e\000w\000o\000o\000d\000-\000P\000a\000l\000e\000y\000\040\000P\000r\000o\000o\000f}{section.2.5}% 21
\BOOKMARK [2][-]{subsection.2.5.2}{\376\377\000C\000o\000m\000p\000a\000c\000t\000n\000e\000s\000s\000\040\000a\000n\000d\000\040\000C\000o\000n\000t\000r\000a\000d\000i\000c\000t\000i\000o\000n\000\040\000P\000r\000o\000o\000f}{section.2.5}% 22
\BOOKMARK [1][-]{section.2.6}{\376\377\000M\000a\000x\000i\000m\000u\000m\000\040\000P\000r\000i\000n\000c\000i\000p\000l\000e\000s}{chapter.2}% 23
\BOOKMARK [2][-]{subsection.2.6.1}{\376\377\000T\000h\000e\000\040\000W\000e\000a\000k\000\040\000M\000a\000x\000i\000m\000u\000m\000\040\000P\000r\000i\000n\000c\000i\000p\000l\000e}{section.2.6}% 24
\BOOKMARK [2][-]{subsection.2.6.2}{\376\377\000T\000h\000e\000\040\000S\000t\000r\000o\000n\000g\000\040\000M\000a\000x\000i\000m\000u\000m\000\040\000P\000r\000i\000n\000c\000i\000p\000l\000e}{section.2.6}% 25
\BOOKMARK [1][-]{section.2.7}{\376\377\000G\000e\000n\000e\000r\000a\000l\000\040\000B\000o\000u\000n\000d\000a\000r\000y\000\040\000V\000a\000l\000u\000e\000\040\000P\000r\000o\000b\000l\000e\000m\000s}{chapter.2}% 26
\BOOKMARK [2][-]{subsection.2.7.1}{\376\377\000T\000h\000e\000\040\000W\000e\000a\000k\000\040\000F\000o\000r\000m\000u\000l\000a\000t\000i\000o\000n}{section.2.7}% 27
\BOOKMARK [2][-]{subsection.2.7.2}{\376\377\000T\000h\000e\000\040\000`\000`\000M\000i\000c\000r\000o\000l\000o\000c\000a\000l\000'\000'\000\040\000F\000o\000r\000m\000u\000l\000a\000t\000i\000o\000n}{section.2.7}% 28
\BOOKMARK [1][-]{section.2.8}{\376\377\000U\000n\000i\000q\000u\000e\000\040\000C\000o\000n\000t\000i\000n\000u\000a\000t\000i\000o\000n}{chapter.2}% 29
\BOOKMARK [0][-]{chapter.3}{\376\377\000L\000i\000n\000e\000a\000r\000\040\000H\000y\000p\000e\000r\000b\000o\000l\000i\000c\000\040\000P\000D\000E\000s}{}% 30
\BOOKMARK [1][-]{section.3.1}{\376\377\000L\000i\000n\000e\000a\000r\000\040\000H\000y\000p\000e\000r\000b\000o\000l\000i\000c\000\040\000P\000D\000E\000s}{chapter.3}% 31
\BOOKMARK [1][-]{section.3.2}{\376\377\000G\000r\000\366\000n\000w\000a\000l\000l\000'\000s\000\040\000I\000n\000e\000q\000u\000a\000l\000i\000t\000y}{chapter.3}% 32
\BOOKMARK [1][-]{section.3.3}{\376\377\000V\000a\000r\000i\000a\000b\000l\000e\000\040\000C\000o\000e\000f\000f\000i\000c\000i\000e\000n\000t\000\040\000W\000a\000v\000e\000\040\000E\000q\000u\000a\000t\000i\000o\000n\000s}{chapter.3}% 33
\BOOKMARK [2][-]{subsection.3.3.1}{\376\377\000E\000n\000e\000r\000g\000y\000\040\000I\000n\000e\000q\000u\000a\000l\000i\000t\000y\000\040\000f\000o\000r\000\040\000P}{section.3.3}% 34
\BOOKMARK [2][-]{subsection.3.3.2}{\376\377\000H\000i\000g\000h\000e\000r\000\040\000O\000r\000d\000e\000r\000\040\000R\000e\000g\000u\000l\000a\000r\000i\000t\000y\000\040\000E\000s\000t\000i\000m\000a\000t\000e\000s}{section.3.3}% 35
\BOOKMARK [2][-]{subsection.3.3.3}{\376\377\000L\000o\000c\000a\000l\000\040\000W\000e\000l\000l\000-\000P\000o\000s\000e\000d\000n\000e\000s\000s}{section.3.3}% 36
\BOOKMARK [0][-]{chapter.4}{\376\377\000C\000a\000l\000c\000u\000l\000u\000s\000\040\000o\000f\000\040\000V\000a\000r\000i\000a\000t\000i\000o\000n\000s\000\040\000a\000n\000d\000\040\000N\000o\000n\000l\000i\000n\000e\000a\000r\000\040\000E\000l\000l\000i\000p\000t\000i\000c\000/\000H\000y\000p\000e\000r\000b\000o\000l\000i\000c\000\040\000P\000D\000E\000s}{}% 37
